{"/Users/pawanbenjamin/FSA/birdsApi/app.js": {"path":"/Users/pawanbenjamin/FSA/birdsApi/app.js","statementMap":{"0":{"start":{"line":1,"column":16},"end":{"line":1,"column":34}},"1":{"start":{"line":2,"column":15},"end":{"line":2,"column":32}},"2":{"start":{"line":4,"column":12},"end":{"line":4,"column":21}},"3":{"start":{"line":5,"column":20},"end":{"line":5,"column":45}},"4":{"start":{"line":6,"column":20},"end":{"line":6,"column":45}},"5":{"start":{"line":8,"column":0},"end":{"line":8,"column":23}},"6":{"start":{"line":10,"column":0},"end":{"line":10,"column":48}},"7":{"start":{"line":11,"column":0},"end":{"line":11,"column":24}},"8":{"start":{"line":13,"column":0},"end":{"line":15,"column":3}},"9":{"start":{"line":14,"column":2},"end":{"line":14,"column":44}},"10":{"start":{"line":17,"column":0},"end":{"line":17,"column":31}},"11":{"start":{"line":18,"column":0},"end":{"line":18,"column":31}},"12":{"start":{"line":20,"column":0},"end":{"line":32,"column":3}},"13":{"start":{"line":27,"column":2},"end":{"line":29,"column":3}},"14":{"start":{"line":28,"column":4},"end":{"line":28,"column":27}},"15":{"start":{"line":31,"column":2},"end":{"line":31,"column":16}},"16":{"start":{"line":34,"column":0},"end":{"line":34,"column":21}}},"fnMap":{"0":{"name":"(anonymous_0)","decl":{"start":{"line":13,"column":13},"end":{"line":13,"column":14}},"loc":{"start":{"line":13,"column":27},"end":{"line":15,"column":1}},"line":13},"1":{"name":"(anonymous_1)","decl":{"start":{"line":20,"column":8},"end":{"line":20,"column":9}},"loc":{"start":{"line":20,"column":33},"end":{"line":32,"column":1}},"line":20}},"branchMap":{"0":{"loc":{"start":{"line":27,"column":2},"end":{"line":29,"column":3}},"type":"if","locations":[{"start":{"line":27,"column":2},"end":{"line":29,"column":3}},{"start":{},"end":{}}],"line":27}},"s":{"0":4,"1":4,"2":4,"3":4,"4":4,"5":4,"6":4,"7":4,"8":4,"9":2,"10":4,"11":4,"12":4,"13":2,"14":2,"15":2,"16":4},"f":{"0":2,"1":2},"b":{"0":[2,0]},"_coverageSchema":"1a1c01bbd47fc00a2c39e90264f33305004495a9","hash":"6c608532bbae242b16c30fd70ba5ca5ff47a4690"}
,"/Users/pawanbenjamin/FSA/birdsApi/data.js": {"path":"/Users/pawanbenjamin/FSA/birdsApi/data.js","statementMap":{"0":{"start":{"line":1,"column":14},"end":{"line":32,"column":1}},"1":{"start":{"line":34,"column":14},"end":{"line":50,"column":1}},"2":{"start":{"line":52,"column":0},"end":{"line":55,"column":2}}},"fnMap":{},"branchMap":{},"s":{"0":4,"1":4,"2":4},"f":{},"b":{},"_coverageSchema":"1a1c01bbd47fc00a2c39e90264f33305004495a9","hash":"5d277bc598e53a1d371bb9e4b684c2d6eee9bb7c"}
,"/Users/pawanbenjamin/FSA/birdsApi/routes/birds.js": {"path":"/Users/pawanbenjamin/FSA/birdsApi/routes/birds.js","statementMap":{"0":{"start":{"line":1,"column":16},"end":{"line":1,"column":34}},"1":{"start":{"line":2,"column":20},"end":{"line":2,"column":42}},"2":{"start":{"line":4,"column":20},"end":{"line":4,"column":36}},"3":{"start":{"line":6,"column":13},"end":{"line":6,"column":31}},"4":{"start":{"line":9,"column":0},"end":{"line":11,"column":3}},"5":{"start":{"line":10,"column":2},"end":{"line":10,"column":23}},"6":{"start":{"line":14,"column":0},"end":{"line":18,"column":3}},"7":{"start":{"line":15,"column":13},"end":{"line":15,"column":34}},"8":{"start":{"line":16,"column":15},"end":{"line":16,"column":56}},"9":{"start":{"line":16,"column":41},"end":{"line":16,"column":55}},"10":{"start":{"line":17,"column":2},"end":{"line":17,"column":17}},"11":{"start":{"line":21,"column":0},"end":{"line":34,"column":3}},"12":{"start":{"line":22,"column":29},"end":{"line":22,"column":37}},"13":{"start":{"line":23,"column":2},"end":{"line":26,"column":3}},"14":{"start":{"line":24,"column":4},"end":{"line":24,"column":47}},"15":{"start":{"line":25,"column":4},"end":{"line":25,"column":11}},"16":{"start":{"line":27,"column":18},"end":{"line":31,"column":3}},"17":{"start":{"line":32,"column":2},"end":{"line":32,"column":27}},"18":{"start":{"line":33,"column":2},"end":{"line":33,"column":20}},"19":{"start":{"line":37,"column":0},"end":{"line":43,"column":3}},"20":{"start":{"line":38,"column":29},"end":{"line":38,"column":37}},"21":{"start":{"line":39,"column":13},"end":{"line":39,"column":34}},"22":{"start":{"line":40,"column":15},"end":{"line":40,"column":56}},"23":{"start":{"line":40,"column":41},"end":{"line":40,"column":55}},"24":{"start":{"line":41,"column":2},"end":{"line":41,"column":23}},"25":{"start":{"line":42,"column":2},"end":{"line":42,"column":17}},"26":{"start":{"line":46,"column":0},"end":{"line":54,"column":3}},"27":{"start":{"line":47,"column":13},"end":{"line":47,"column":34}},"28":{"start":{"line":48,"column":22},"end":{"line":48,"column":63}},"29":{"start":{"line":48,"column":48},"end":{"line":48,"column":62}},"30":{"start":{"line":49,"column":2},"end":{"line":49,"column":59}},"31":{"start":{"line":49,"column":43},"end":{"line":49,"column":57}},"32":{"start":{"line":50,"column":2},"end":{"line":53,"column":5}},"33":{"start":{"line":56,"column":0},"end":{"line":56,"column":29}}},"fnMap":{"0":{"name":"(anonymous_0)","decl":{"start":{"line":9,"column":21},"end":{"line":9,"column":22}},"loc":{"start":{"line":9,"column":41},"end":{"line":11,"column":1}},"line":9},"1":{"name":"(anonymous_1)","decl":{"start":{"line":14,"column":24},"end":{"line":14,"column":25}},"loc":{"start":{"line":14,"column":44},"end":{"line":18,"column":1}},"line":14},"2":{"name":"(anonymous_2)","decl":{"start":{"line":16,"column":31},"end":{"line":16,"column":32}},"loc":{"start":{"line":16,"column":41},"end":{"line":16,"column":55}},"line":16},"3":{"name":"(anonymous_3)","decl":{"start":{"line":21,"column":22},"end":{"line":21,"column":23}},"loc":{"start":{"line":21,"column":42},"end":{"line":34,"column":1}},"line":21},"4":{"name":"(anonymous_4)","decl":{"start":{"line":37,"column":26},"end":{"line":37,"column":27}},"loc":{"start":{"line":37,"column":46},"end":{"line":43,"column":1}},"line":37},"5":{"name":"(anonymous_5)","decl":{"start":{"line":40,"column":31},"end":{"line":40,"column":32}},"loc":{"start":{"line":40,"column":41},"end":{"line":40,"column":55}},"line":40},"6":{"name":"(anonymous_6)","decl":{"start":{"line":46,"column":27},"end":{"line":46,"column":28}},"loc":{"start":{"line":46,"column":47},"end":{"line":54,"column":1}},"line":46},"7":{"name":"(anonymous_7)","decl":{"start":{"line":48,"column":38},"end":{"line":48,"column":39}},"loc":{"start":{"line":48,"column":48},"end":{"line":48,"column":62}},"line":48},"8":{"name":"(anonymous_8)","decl":{"start":{"line":49,"column":33},"end":{"line":49,"column":34}},"loc":{"start":{"line":49,"column":43},"end":{"line":49,"column":57}},"line":49}},"branchMap":{"0":{"loc":{"start":{"line":23,"column":2},"end":{"line":26,"column":3}},"type":"if","locations":[{"start":{"line":23,"column":2},"end":{"line":26,"column":3}},{"start":{},"end":{}}],"line":23}},"s":{"0":4,"1":4,"2":4,"3":4,"4":4,"5":2,"6":4,"7":1,"8":1,"9":4,"10":1,"11":4,"12":3,"13":3,"14":1,"15":1,"16":2,"17":2,"18":2,"19":4,"20":1,"21":1,"22":1,"23":5,"24":1,"25":1,"26":4,"27":1,"28":1,"29":6,"30":1,"31":8,"32":1,"33":4},"f":{"0":2,"1":1,"2":4,"3":3,"4":1,"5":5,"6":1,"7":6,"8":8},"b":{"0":[1,2]},"_coverageSchema":"1a1c01bbd47fc00a2c39e90264f33305004495a9","hash":"16b3ada9c0574633092b43812fa1e60cb18f333a"}
,"/Users/pawanbenjamin/FSA/birdsApi/routes/nests.js": {"path":"/Users/pawanbenjamin/FSA/birdsApi/routes/nests.js","statementMap":{"0":{"start":{"line":1,"column":16},"end":{"line":1,"column":34}},"1":{"start":{"line":2,"column":20},"end":{"line":2,"column":42}},"2":{"start":{"line":4,"column":20},"end":{"line":4,"column":36}},"3":{"start":{"line":6,"column":13},"end":{"line":6,"column":31}},"4":{"start":{"line":9,"column":0},"end":{"line":11,"column":3}},"5":{"start":{"line":10,"column":2},"end":{"line":10,"column":23}},"6":{"start":{"line":14,"column":0},"end":{"line":18,"column":3}},"7":{"start":{"line":15,"column":13},"end":{"line":15,"column":34}},"8":{"start":{"line":16,"column":15},"end":{"line":16,"column":56}},"9":{"start":{"line":16,"column":41},"end":{"line":16,"column":55}},"10":{"start":{"line":17,"column":2},"end":{"line":17,"column":17}},"11":{"start":{"line":21,"column":0},"end":{"line":33,"column":3}},"12":{"start":{"line":22,"column":29},"end":{"line":22,"column":37}},"13":{"start":{"line":23,"column":2},"end":{"line":25,"column":3}},"14":{"start":{"line":24,"column":4},"end":{"line":24,"column":51}},"15":{"start":{"line":26,"column":18},"end":{"line":30,"column":3}},"16":{"start":{"line":31,"column":2},"end":{"line":31,"column":27}},"17":{"start":{"line":32,"column":2},"end":{"line":32,"column":20}},"18":{"start":{"line":36,"column":0},"end":{"line":44,"column":3}},"19":{"start":{"line":37,"column":13},"end":{"line":37,"column":34}},"20":{"start":{"line":38,"column":22},"end":{"line":38,"column":63}},"21":{"start":{"line":38,"column":48},"end":{"line":38,"column":62}},"22":{"start":{"line":39,"column":2},"end":{"line":39,"column":59}},"23":{"start":{"line":39,"column":43},"end":{"line":39,"column":57}},"24":{"start":{"line":40,"column":2},"end":{"line":43,"column":5}},"25":{"start":{"line":46,"column":0},"end":{"line":46,"column":29}}},"fnMap":{"0":{"name":"(anonymous_0)","decl":{"start":{"line":9,"column":21},"end":{"line":9,"column":22}},"loc":{"start":{"line":9,"column":41},"end":{"line":11,"column":1}},"line":9},"1":{"name":"(anonymous_1)","decl":{"start":{"line":14,"column":24},"end":{"line":14,"column":25}},"loc":{"start":{"line":14,"column":44},"end":{"line":18,"column":1}},"line":14},"2":{"name":"(anonymous_2)","decl":{"start":{"line":16,"column":31},"end":{"line":16,"column":32}},"loc":{"start":{"line":16,"column":41},"end":{"line":16,"column":55}},"line":16},"3":{"name":"(anonymous_3)","decl":{"start":{"line":21,"column":22},"end":{"line":21,"column":23}},"loc":{"start":{"line":21,"column":42},"end":{"line":33,"column":1}},"line":21},"4":{"name":"(anonymous_4)","decl":{"start":{"line":36,"column":27},"end":{"line":36,"column":28}},"loc":{"start":{"line":36,"column":47},"end":{"line":44,"column":1}},"line":36},"5":{"name":"(anonymous_5)","decl":{"start":{"line":38,"column":38},"end":{"line":38,"column":39}},"loc":{"start":{"line":38,"column":48},"end":{"line":38,"column":62}},"line":38},"6":{"name":"(anonymous_6)","decl":{"start":{"line":39,"column":33},"end":{"line":39,"column":34}},"loc":{"start":{"line":39,"column":43},"end":{"line":39,"column":57}},"line":39}},"branchMap":{"0":{"loc":{"start":{"line":23,"column":2},"end":{"line":25,"column":3}},"type":"if","locations":[{"start":{"line":23,"column":2},"end":{"line":25,"column":3}},{"start":{},"end":{}}],"line":23},"1":{"loc":{"start":{"line":28,"column":10},"end":{"line":28,"column":26}},"type":"binary-expr","locations":[{"start":{"line":28,"column":10},"end":{"line":28,"column":14}},{"start":{"line":28,"column":18},"end":{"line":28,"column":26}}],"line":28}},"s":{"0":4,"1":4,"2":4,"3":4,"4":4,"5":2,"6":4,"7":1,"8":1,"9":2,"10":1,"11":4,"12":3,"13":3,"14":1,"15":3,"16":3,"17":3,"18":4,"19":1,"20":1,"21":1,"22":1,"23":6,"24":1,"25":4},"f":{"0":2,"1":1,"2":2,"3":3,"4":1,"5":1,"6":6},"b":{"0":[1,2],"1":[3,3]},"_coverageSchema":"1a1c01bbd47fc00a2c39e90264f33305004495a9","hash":"8a04c639e8218b40012500118c6d90a129962983"}
}
