TN:
SF:app.js
FN:13,(anonymous_0)
FN:20,(anonymous_1)
FNF:2
FNH:2
FNDA:2,(anonymous_0)
FNDA:2,(anonymous_1)
DA:1,4
DA:2,4
DA:4,4
DA:5,4
DA:6,4
DA:8,4
DA:10,4
DA:11,4
DA:13,4
DA:14,2
DA:17,4
DA:18,4
DA:20,4
DA:27,2
DA:28,2
DA:31,2
DA:34,4
LF:17
LH:17
BRDA:27,0,0,2
BRDA:27,0,1,0
BRF:2
BRH:1
end_of_record
TN:
SF:data.js
FNF:0
FNH:0
DA:1,4
DA:34,4
DA:52,4
LF:3
LH:3
BRF:0
BRH:0
end_of_record
TN:
SF:routes/birds.js
FN:9,(anonymous_0)
FN:14,(anonymous_1)
FN:16,(anonymous_2)
FN:21,(anonymous_3)
FN:37,(anonymous_4)
FN:40,(anonymous_5)
FN:46,(anonymous_6)
FN:48,(anonymous_7)
FN:49,(anonymous_8)
FNF:9
FNH:9
FNDA:2,(anonymous_0)
FNDA:1,(anonymous_1)
FNDA:4,(anonymous_2)
FNDA:3,(anonymous_3)
FNDA:1,(anonymous_4)
FNDA:5,(anonymous_5)
FNDA:1,(anonymous_6)
FNDA:6,(anonymous_7)
FNDA:8,(anonymous_8)
DA:1,4
DA:2,4
DA:4,4
DA:6,4
DA:9,4
DA:10,2
DA:14,4
DA:15,1
DA:16,4
DA:17,1
DA:21,4
DA:22,3
DA:23,3
DA:24,1
DA:25,1
DA:27,2
DA:32,2
DA:33,2
DA:37,4
DA:38,1
DA:39,1
DA:40,5
DA:41,1
DA:42,1
DA:46,4
DA:47,1
DA:48,6
DA:49,8
DA:50,1
DA:56,4
LF:30
LH:30
BRDA:23,0,0,1
BRDA:23,0,1,2
BRF:2
BRH:2
end_of_record
TN:
SF:routes/nests.js
FN:9,(anonymous_0)
FN:14,(anonymous_1)
FN:16,(anonymous_2)
FN:21,(anonymous_3)
FN:36,(anonymous_4)
FN:38,(anonymous_5)
FN:39,(anonymous_6)
FNF:7
FNH:7
FNDA:2,(anonymous_0)
FNDA:1,(anonymous_1)
FNDA:2,(anonymous_2)
FNDA:3,(anonymous_3)
FNDA:1,(anonymous_4)
FNDA:1,(anonymous_5)
FNDA:6,(anonymous_6)
DA:1,4
DA:2,4
DA:4,4
DA:6,4
DA:9,4
DA:10,2
DA:14,4
DA:15,1
DA:16,2
DA:17,1
DA:21,4
DA:22,3
DA:23,3
DA:24,1
DA:26,3
DA:31,3
DA:32,3
DA:36,4
DA:37,1
DA:38,1
DA:39,6
DA:40,1
DA:46,4
LF:23
LH:23
BRDA:23,0,0,1
BRDA:23,0,1,2
BRDA:28,1,0,3
BRDA:28,1,1,3
BRF:4
BRH:4
end_of_record
